[2026-01-03 03:26:32]	END R9 Enemy Test 2
[2026-01-03 03:26:32]	START R9 Enemy Test 1
[2026-01-03 03:26:33]	END R9 Enemy Test 1
[2026-01-03 03:26:33]	START R9 Enemy Test 3
[2026-01-03 03:26:33]	END R9 Enemy Test 3
[2026-01-03 03:26:33]	--- ROUND 10 ---
[2026-01-03 03:26:33]	START R10 Enemy Test 2
[2026-01-03 03:26:33]	END R10 Enemy Test 2
[2026-01-03 03:26:33]	START R10 Enemy Test 1
[2026-01-03 03:26:34]	END R10 Enemy Test 1
[2026-01-03 03:26:34]	START R10 Enemy Test 3
[2026-01-03 03:26:34]	END R10 Enemy Test 3
[2026-01-03 03:26:34]	--- ROUND 11 ---
[2026-01-03 03:26:34]	START R11 Enemy Test 2
[2026-01-03 03:26:34]	END R11 Enemy Test 2
[2026-01-03 03:26:34]	START R11 Enemy Test 1
[2026-01-03 03:26:34]	END R11 Enemy Test 1
[2026-01-03 03:26:34]	START R11 Enemy Test 3
[2026-01-03 03:26:34]	END R11 Enemy Test 3
[2026-01-03 03:26:34]	--- ROUND 12 ---
[2026-01-03 03:26:34]	START R12 Enemy Test 2
[2026-01-03 03:26:35]	END R12 Enemy Test 2
[2026-01-03 03:26:35]	START R12 Enemy Test 1
[2026-01-03 03:26:35]	END R12 Enemy Test 1
[2026-01-03 03:26:35]	START R12 Enemy Test 3
[2026-01-03 03:26:35]	END R12 Enemy Test 3
[2026-01-03 03:26:35]	--- ROUND 13 ---
[2026-01-03 03:26:35]	START R13 Enemy Test 2
[2026-01-03 03:26:35]	END R13 Enemy Test 2
[2026-01-03 03:26:35]	START R13 Enemy Test 1
[2026-01-03 03:26:35]	END R13 Enemy Test 1
[2026-01-03 03:26:35]	START R13 Enemy Test 3
[2026-01-03 03:26:35]	END R13 Enemy Test 3
[2026-01-03 03:26:35]	--- ROUND 14 ---
[2026-01-03 03:26:35]	START R14 Enemy Test 2
[2026-01-03 03:26:36]	END R14 Enemy Test 2
[2026-01-03 03:26:36]	START R14 Enemy Test 1
[2026-01-03 03:26:43]	END R14 Enemy Test 1
[2026-01-03 03:26:43]	START R14 Enemy Test 3
[2026-01-03 03:26:43]	END R14 Enemy Test 3
[2026-01-03 03:26:43]	--- ROUND 15 ---
[2026-01-03 03:26:43]	START R15 Enemy Test 2
[2026-01-03 03:26:43]	END R15 Enemy Test 2
[2026-01-03 03:26:43]	START R15 Enemy Test 1
[2026-01-03 03:26:44]	END R15 Enemy Test 1
[2026-01-03 03:26:44]	START R15 Enemy Test 3
[2026-01-03 03:26:44]	END R15 Enemy Test 3
[2026-01-03 03:26:44]	--- ROUND 16 ---
[2026-01-03 03:26:44]	START R16 Enemy Test 2
[2026-01-03 03:26:44]	END R16 Enemy Test 2
[2026-01-03 03:26:44]	START R16 Enemy Test 1
[2026-01-03 03:26:44]	END R16 Enemy Test 1
[2026-01-03 03:26:44]	START R16 Enemy Test 3
[2026-01-03 03:26:44]	END R16 Enemy Test 3
[2026-01-03 03:26:44]	--- ROUND 17 ---
[2026-01-03 03:26:44]	START R17 Enemy Test 2
[2026-01-03 03:26:45]	END R17 Enemy Test 2
[2026-01-03 03:26:45]	START R17 Enemy Test 1
[2026-01-03 03:26:45]	END R17 Enemy Test 1
[2026-01-03 03:26:45]	START R17 Enemy Test 3
[2026-01-03 03:26:45]	END R17 Enemy Test 3
[2026-01-03 03:26:45]	--- ROUND 18 ---
[2026-01-03 03:26:45]	START R18 Enemy Test 2
[2026-01-03 03:26:45]	END R18 Enemy Test 2
[2026-01-03 03:26:45]	START R18 Enemy Test 1
[2026-01-03 20:46:05]	=== Session started ===
[2026-01-03 20:48:30]	--- COMBAT STARTED ---
[2026-01-03 20:48:30]	--- ROUND 1 ---
[2026-01-03 20:48:30]	START R1 Goblin 1
