[2026-01-03 02:11:36] R1 Throat Goat - end turn
[2026-01-03 02:11:36] R1 John Twilight - next up
[2026-01-03 02:11:36] R1 John Twilight - start turn
[2026-01-03 02:11:39] R1 John Twilight - end turn
[2026-01-03 02:11:39] R1 Thibble Wobblepop - next up
[2026-01-03 02:11:39] R1 Thibble Wobblepop - start turn
[2026-01-03 02:11:43] R1 Thibble Wobblepop - end turn
[2026-01-03 02:11:43] R1 Test Enemy 3 - next up
[2026-01-03 02:11:43] R1 Test Enemy 3 - start turn
[2026-01-03 02:11:45] R1 Test Enemy 3 - end turn
[2026-01-03 02:11:45] R1 Fred Figglehorn - next up
[2026-01-03 02:11:45] R1 Fred Figglehorn - start turn
[2026-01-03 02:11:58] R1 Test Enemy 4 - set condition: Stunned (1 turn(s))
[2026-01-03 02:11:58] R1 Test Enemy 6 - set condition: Stunned (1 turn(s))
[2026-01-03 02:11:58] R1 Test Enemy 8 - set condition: Stunned (1 turn(s))
[2026-01-03 02:11:58] R1 Test Enemy 10 - set condition: Stunned (1 turn(s))
[2026-01-03 02:11:58] R1 Test Enemy 7 - set condition: Stunned (1 turn(s))
[2026-01-03 02:11:58] R1 Test Enemy 2 - set condition: Stunned (1 turn(s))
[2026-01-03 02:11:58] R1 Test Enemy 9 - set condition: Stunned (1 turn(s))
[2026-01-03 02:11:58] R1 Test Enemy 1 - set condition: Stunned (1 turn(s))
[2026-01-03 02:11:58] R1 Test Enemy 5 - set condition: Stunned (1 turn(s))
[2026-01-03 02:12:05] R1 Johnny Morris - set condition: Blinded (3 turn(s))
[2026-01-03 02:12:05] R1 Malagrou Thunderclopper - set condition: Blinded (3 turn(s))
[2026-01-03 02:12:05] R1 Test Enemy 4 - set condition: Blinded (3 turn(s))
[2026-01-03 02:12:05] R1 Test Enemy 6 - set condition: Blinded (3 turn(s))
[2026-01-03 02:12:27] R1 Throat Goat - set condition: Charmed (2 turn(s))
[2026-01-03 02:12:33] R1 John Twilight - set condition: Invisible (1 turn(s))
[2026-01-03 02:12:38] R1 Thibble Wobblepop - set condition: Deafened (3 turn(s))
[2026-01-03 02:12:50] R1 Test Enemy 3 - set condition: Incapacitated (3 turn(s))
[2026-01-03 02:12:55] R1 Fred Figglehorn - set condition: Paralyzed (1 turn(s))
[2026-01-03 02:13:00] R1 Old Man - set condition: Unconscious (3 turn(s))
[2026-01-03 02:13:08] R1 Dorian Vandergraff - set condition: Prone (3 turn(s))
[2026-01-03 02:13:16] R1 стихия - set condition: Prone (1 turn(s))
[2026-01-03 02:13:19] R1 Fred Figglehorn - conditions ended: Paralyzed
[2026-01-03 02:13:19] R1 Fred Figglehorn - end turn
[2026-01-03 02:13:19] R1 Old Man - next up
[2026-01-03 02:13:19] R1 Old Man - start: cond 😴(2); skip: Unconscious; turn skipped
[2026-01-03 02:13:19] R1 Old Man - turn auto-ended (skipped)
[2026-01-03 02:13:19] R1 Johnny Morris - start: cond 🙈(3)
[2026-01-03 02:13:23] R1 Johnny Morris - end turn
[2026-01-03 02:13:23] R1 Malagrou Thunderclopper - next up
[2026-01-03 02:13:23] R1 Malagrou Thunderclopper - start: cond 🙈(3)
[2026-01-03 02:13:25] R1 Malagrou Thunderclopper - end turn
[2026-01-03 02:13:25] R1 Test Enemy 4 - next up
[2026-01-03 02:13:25] R1 Test Enemy 4 - start: cond 🙈(3); skip: Stunned; turn skipped
[2026-01-03 02:13:25] R1 Test Enemy 4 - turn auto-ended (skipped)
[2026-01-03 02:13:25] R1 Test Enemy 6 - start: cond 🙈(3); skip: Stunned; turn skipped
[2026-01-03 02:13:25] R1 Test Enemy 6 - turn auto-ended (skipped)
[2026-01-03 02:13:25] R1 Test Enemy 8 - start: skip: Stunned; turn skipped
[2026-01-03 02:13:25] R1 Test Enemy 8 - turn auto-ended (skipped)
[2026-01-03 02:13:25] R1 Test Enemy 10 - start: skip: Stunned; turn skipped
[2026-01-03 02:13:25] R1 Test Enemy 10 - turn auto-ended (skipped)
[2026-01-03 02:13:25] R1 Test Enemy 7 - start: skip: Stunned; turn skipped
[2026-01-03 02:13:25] R1 Test Enemy 7 - turn auto-ended (skipped)
[2026-01-03 02:13:25] R1 Test Enemy 2 - start: skip: Stunned; turn skipped
[2026-01-03 02:13:25] R1 Test Enemy 2 - turn auto-ended (skipped)
[2026-01-03 02:13:25] R1 Test Enemy 9 - start: skip: Stunned; turn skipped
[2026-01-03 02:13:25] R1 Test Enemy 9 - turn auto-ended (skipped)
[2026-01-03 02:13:25] R1 Test Enemy 1 - start: skip: Stunned; turn skipped
[2026-01-03 02:13:25] R1 Test Enemy 1 - turn auto-ended (skipped)
[2026-01-03 02:13:25] R1 Test Enemy 5 - start: skip: Stunned; turn skipped
[2026-01-03 02:13:25] R1 Test Enemy 5 - turn auto-ended (skipped)
[2026-01-03 02:13:25] R1 Dorian Vandergraff - start: cond 🛌(3)
[2026-01-03 02:13:38] R1 Dorian Vandergraff - stood up (spent 15 ft, prone removed)
[2026-01-03 02:13:41] R1 Dorian Vandergraff - end turn
[2026-01-03 02:13:41] R1 стихия - next up
[2026-01-03 02:13:41] R1 стихия - start: cond 🛌(1)
[2026-01-03 02:13:43] R1 стихия - stood up (spent 15 ft, prone removed)
[2026-01-03 02:13:44] R1 стихия - end turn
[2026-01-03 02:13:44] R1 Throat Goat - next up
[2026-01-03 02:13:44] R2 - --- new round 2 ---
[2026-01-03 02:13:44] R2 Throat Goat - start: cond 💖(2)
[2026-01-03 02:13:47] R2 Throat Goat - end turn
[2026-01-03 02:13:47] R2 John Twilight - next up
[2026-01-03 02:13:47] R2 John Twilight - start: cond 🫥(1)
[2026-01-03 02:13:53] R2 John Twilight - conditions ended: Invisible
[2026-01-03 02:13:53] R2 John Twilight - end turn
[2026-01-03 02:13:53] R2 Thibble Wobblepop - next up
[2026-01-03 02:13:53] R2 Thibble Wobblepop - start: cond 🔇(3)
[2026-01-03 02:13:54] R2 Thibble Wobblepop - end turn
[2026-01-03 02:13:54] R2 Test Enemy 3 - next up
[2026-01-03 02:13:54] R2 Test Enemy 3 - start: cond ⛔(2); skip: Incapacitated; turn skipped
[2026-01-03 02:13:54] R2 Test Enemy 3 - turn auto-ended (skipped)
[2026-01-03 02:13:54] R2 Fred Figglehorn - start turn
[2026-01-03 02:13:57] R2 Fred Figglehorn - end turn
[2026-01-03 02:13:57] R2 Old Man - next up
[2026-01-03 02:13:57] R2 Old Man - start: cond 😴(1); skip: Unconscious; turn skipped
[2026-01-03 02:13:57] R2 Old Man - turn auto-ended (skipped)
[2026-01-03 02:13:57] R2 Johnny Morris - start: cond 🙈(2)
[2026-01-03 02:14:00] R2 Johnny Morris - end turn
[2026-01-03 02:14:00] R2 Malagrou Thunderclopper - next up
[2026-01-03 02:14:00] R2 Malagrou Thunderclopper - start: cond 🙈(2)
[2026-01-03 02:14:11] R2 Test Enemy 10 - damage 100 (HP 100 -> 0)
[2026-01-03 02:14:11] R2 Test Enemy 10 - dropped to 0 -> removed
[2026-01-03 02:14:17] R2 Test Enemy 5 - damage 100 (HP 100 -> 0)
[2026-01-03 02:14:17] R2 Test Enemy 5 - dropped to 0 -> removed
[2026-01-03 02:14:31] R2 Malagrou Thunderclopper - end turn
[2026-01-03 02:14:31] R2 Test Enemy 4 - next up
[2026-01-03 02:14:31] R2 Test Enemy 4 - start: cond 🙈(2)
[2026-01-03 02:14:36] R2 Test Enemy 4 - end turn
[2026-01-03 02:14:36] R2 Test Enemy 6 - next up
[2026-01-03 02:14:36] R2 Test Enemy 6 - start: cond 🙈(2)
[2026-01-03 02:14:38] R2 Test Enemy 6 - end turn
[2026-01-03 02:14:38] R2 Test Enemy 8 - next up
[2026-01-03 02:14:38] R2 Test Enemy 8 - start turn
[2026-01-03 02:14:39] R2 Test Enemy 8 - end turn
[2026-01-03 02:14:39] R2 Test Enemy 7 - next up
[2026-01-03 02:14:39] R2 Test Enemy 7 - start turn
[2026-01-03 02:14:46] R2 Test Enemy 7 - set condition: Stunned (1 turn(s))
[2026-01-03 02:14:46] R2 Test Enemy 2 - set condition: Stunned (1 turn(s))
[2026-01-03 02:14:46] R2 Test Enemy 9 - set condition: Stunned (1 turn(s))
[2026-01-03 02:14:46] R2 Test Enemy 1 - set condition: Stunned (1 turn(s))
[2026-01-03 02:14:46] R2 Dorian Vandergraff - set condition: Stunned (1 turn(s))
[2026-01-03 02:14:46] R2 стихия - set condition: Stunned (1 turn(s))
[2026-01-03 02:14:52] R2 Test Enemy 7 - conditions ended: Stunned
[2026-01-03 02:14:52] R2 Test Enemy 7 - end turn
[2026-01-03 02:14:52] R2 Test Enemy 2 - next up
[2026-01-03 02:14:52] R2 Test Enemy 2 - start: skip: Stunned; turn skipped
[2026-01-03 02:14:52] R2 Test Enemy 2 - turn auto-ended (skipped)
[2026-01-03 02:14:52] R2 Test Enemy 9 - start: skip: Stunned; turn skipped
[2026-01-03 02:14:52] R2 Test Enemy 9 - turn auto-ended (skipped)
[2026-01-03 02:14:52] R2 Test Enemy 1 - start: skip: Stunned; turn skipped
[2026-01-03 02:14:52] R2 Test Enemy 1 - turn auto-ended (skipped)
[2026-01-03 02:14:52] R2 Dorian Vandergraff - start: skip: Stunned; turn skipped
[2026-01-03 02:14:52] R2 Dorian Vandergraff - turn auto-ended (skipped)
[2026-01-03 02:14:52] R2 стихия - start: skip: Stunned; turn skipped
[2026-01-03 02:14:52] R2 стихия - turn auto-ended (skipped)
[2026-01-03 02:14:52] R3 - --- new round 3 ---
[2026-01-03 02:14:52] R3 Throat Goat - start: cond 💖(1)
[2026-01-03 02:15:06] R3 John Twilight - set condition: Prone (1 turn(s))
[2026-01-03 02:15:08] R3 Throat Goat - conditions ended: Charmed
[2026-01-03 02:15:08] R3 Throat Goat - end turn
[2026-01-03 02:15:08] R3 John Twilight - next up
[2026-01-03 02:15:08] R3 John Twilight - start: cond 🛌(1)
[2026-01-03 02:15:11] R3 John Twilight - stood up (spent 15 ft, prone removed)
[2026-01-03 02:32:36] R1 - === Session started ===
[2026-01-03 02:35:35] R1 - === Session started ===
[2026-01-03 02:37:06] R1 Fred Figglehorn - water mode ON
[2026-01-03 02:37:08] R1 Fred Figglehorn - water mode OFF
[2026-01-03 02:37:11] R1 Fred Figglehorn - water mode ON
[2026-01-03 02:37:15] R1 Throat Goat - water mode ON
[2026-01-03 02:37:16] R1 Throat Goat - water mode OFF
[2026-01-03 02:37:17] R1 Fred Figglehorn - water mode OFF
[2026-01-03 02:37:22] R1 Fred Figglehorn - water mode ON
[2026-01-03 02:37:24] R1 Fred Figglehorn - water mode OFF
[2026-01-03 02:37:35] R1 стихия - water mode ON
[2026-01-03 02:37:42] R1 - --- starting at top ---
[2026-01-03 02:37:42] R1 Malagrou Thunderclopper - start turn
[2026-01-03 02:37:43] R1 Malagrou Thunderclopper - end turn
[2026-01-03 02:37:43] R1 Fred Figglehorn - next up
[2026-01-03 02:37:43] R1 Fred Figglehorn - start turn
[2026-01-03 02:37:43] R1 Fred Figglehorn - end turn
[2026-01-03 02:37:43] R1 Throat Goat - next up
[2026-01-03 02:37:43] R1 Throat Goat - start turn
[2026-01-03 02:37:44] R1 Throat Goat - end turn
[2026-01-03 02:37:44] R1 John Twilight - next up
[2026-01-03 02:37:44] R1 John Twilight - start turn
[2026-01-03 02:37:44] R1 John Twilight - end turn
[2026-01-03 02:37:44] R1 Old Man - next up
[2026-01-03 02:37:44] R1 Old Man - start turn
[2026-01-03 02:37:44] R1 Old Man - end turn
[2026-01-03 02:37:44] R1 Thibble Wobblepop - next up
[2026-01-03 02:37:44] R1 Thibble Wobblepop - start turn
[2026-01-03 02:37:45] R1 Thibble Wobblepop - end turn
[2026-01-03 02:37:45] R1 Johnny Morris - next up
[2026-01-03 02:37:45] R1 Johnny Morris - start turn
[2026-01-03 02:37:46] R1 Johnny Morris - end turn
[2026-01-03 02:37:46] R1 стихия - next up
[2026-01-03 02:37:46] R1 стихия - start turn
[2026-01-03 02:37:47] R1 стихия - end turn
[2026-01-03 02:37:47] R1 Dorian Vandergraff - next up
[2026-01-03 02:37:47] R1 Dorian Vandergraff - start turn
[2026-01-03 02:37:47] R1 Dorian Vandergraff - end turn
[2026-01-03 02:37:47] R1 Malagrou Thunderclopper - next up
[2026-01-03 02:37:47] R2 - --- new round 2 ---
[2026-01-03 02:37:47] R2 Malagrou Thunderclopper - start turn
[2026-01-03 02:37:48] R2 Malagrou Thunderclopper - end turn
[2026-01-03 02:37:48] R2 Fred Figglehorn - next up
[2026-01-03 02:37:48] R2 Fred Figglehorn - start turn
[2026-01-03 02:37:49] R2 Fred Figglehorn - end turn
[2026-01-03 02:37:49] R2 Throat Goat - next up
[2026-01-03 02:37:49] R2 Throat Goat - start turn
[2026-01-03 02:37:49] R2 Throat Goat - end turn
[2026-01-03 02:37:49] R2 John Twilight - next up
[2026-01-03 02:37:49] R2 John Twilight - start turn
[2026-01-03 02:37:49] R2 John Twilight - end turn
[2026-01-03 02:37:49] R2 Old Man - next up
[2026-01-03 02:37:49] R2 Old Man - start turn
[2026-01-03 03:18:22]	=== Session started ===
[2026-01-03 03:19:01]	--- COMBAT STARTED ---
[2026-01-03 03:19:01]	--- ROUND 1 ---
[2026-01-03 03:19:01]	START R1 Enemy Test 2
[2026-01-03 03:19:04]	--- COMBAT STARTED ---
[2026-01-03 03:19:04]	--- ROUND 1 ---
[2026-01-03 03:19:04]	START R1 Enemy Test 2
